# JRE version: Java(TM) SE Runtime Environment (8.0_31-b13) (build 1.8.0_31-b13)
# Java VM: Java HotSpot(TM) 64-Bit Server VM (25.31-b07 mixed mode windows-amd64 compressed oops)
Heap:
 PSYoungGen      total 87040K, used 31803K [0x00000000eab00000, 0x00000000f2180000, 0x0000000100000000)
  eden space 64000K, 14% used [0x00000000eab00000,0x00000000eb3d0af0,0x00000000ee980000)
  from space 23040K, 98% used [0x00000000f0400000,0x00000000f1a3e3e0,0x00000000f1a80000)
  to   space 27136K, 0% used [0x00000000ee980000,0x00000000ee980000,0x00000000f0400000)
 ParOldGen       total 62464K, used 21898K [0x00000000c0000000, 0x00000000c3d00000, 0x00000000eab00000)
  object space 62464K, 35% used [0x00000000c0000000,0x00000000c1562b40,0x00000000c3d00000)
 Metaspace       used 6345K, capacity 7472K, committed 7552K, reserved 1060864K
  class space    used 574K, capacity 616K, committed 640K, reserved 1048576K
GC Heap History (10 events):
Event: 8.256 GC heap before
{Heap before GC invocations=5 (full 1):
 PSYoungGen      total 38400K, used 38391K [0x00000000eab00000, 0x00000000edf00000, 0x0000000100000000)
  eden space 33280K, 100% used [0x00000000eab00000,0x00000000ecb80000,0x00000000ecb80000)
  from space 5120K, 99% used [0x00000000ecb80000,0x00000000ed07dfd8,0x00000000ed080000)
  to   space 5120K, 0% used [0x00000000eda00000,0x00000000eda00000,0x00000000edf00000)
 ParOldGen       total 62464K, used 5156K [0x00000000c0000000, 0x00000000c3d00000, 0x00000000eab00000)
  object space 62464K, 8% used [0x00000000c0000000,0x00000000c0509090,0x00000000c3d00000)
 Metaspace       used 5868K, capacity 7088K, committed 7296K, reserved 1060864K
  class space    used 553K, capacity 616K, committed 640K, reserved 1048576K
Event: 8.556 GC heap after
Heap after GC invocations=5 (full 1):
 PSYoungGen      total 48128K, used 5101K [0x00000000eab00000, 0x00000000edf80000, 0x0000000100000000)
  eden space 43008K, 0% used [0x00000000eab00000,0x00000000eab00000,0x00000000ed500000)
  from space 5120K, 99% used [0x00000000eda00000,0x00000000edefb438,0x00000000edf00000)
  to   space 5120K, 0% used [0x00000000ed500000,0x00000000ed500000,0x00000000eda00000)
 ParOldGen       total 62464K, used 10977K [0x00000000c0000000, 0x00000000c3d00000, 0x00000000eab00000)
  object space 62464K, 17% used [0x00000000c0000000,0x00000000c0ab86f8,0x00000000c3d00000)
 Metaspace       used 5868K, capacity 7088K, committed 7296K, reserved 1060864K
  class space    used 553K, capacity 616K, committed 640K, reserved 1048576K
}
Event: 10.849 GC heap before
{Heap before GC invocations=6 (full 1):
 PSYoungGen      total 48128K, used 48109K [0x00000000eab00000, 0x00000000edf80000, 0x0000000100000000)
  eden space 43008K, 100% used [0x00000000eab00000,0x00000000ed500000,0x00000000ed500000)
  from space 5120K, 99% used [0x00000000eda00000,0x00000000edefb438,0x00000000edf00000)
  to   space 5120K, 0% used [0x00000000ed500000,0x00000000ed500000,0x00000000eda00000)
 ParOldGen       total 62464K, used 10977K [0x00000000c0000000, 0x00000000c3d00000, 0x00000000eab00000)
  object space 62464K, 17% used [0x00000000c0000000,0x00000000c0ab86f8,0x00000000c3d00000)
 Metaspace       used 5878K, capacity 7088K, committed 7296K, reserved 1060864K
  class space    used 553K, capacity 616K, committed 640K, reserved 1048576K
Event: 10.919 GC heap after
Heap after GC invocations=6 (full 1):
 PSYoungGen      total 48128K, used 5109K [0x00000000eab00000, 0x00000000eff80000, 0x0000000100000000)
  eden space 43008K, 0% used [0x00000000eab00000,0x00000000eab00000,0x00000000ed500000)
  from space 5120K, 99% used [0x00000000ed500000,0x00000000ed9fd708,0x00000000eda00000)
  to   space 15872K, 0% used [0x00000000ef000000,0x00000000ef000000,0x00000000eff80000)
 ParOldGen       total 62464K, used 16810K [0x00000000c0000000, 0x00000000c3d00000, 0x00000000eab00000)
  object space 62464K, 26% used [0x00000000c0000000,0x00000000c106aab8,0x00000000c3d00000)
 Metaspace       used 5878K, capacity 7088K, committed 7296K, reserved 1060864K
  class space    used 553K, capacity 616K, committed 640K, reserved 1048576K
}
Event: 12.450 GC heap before
{Heap before GC invocations=7 (full 1):
 PSYoungGen      total 48128K, used 48117K [0x00000000eab00000, 0x00000000eff80000, 0x0000000100000000)
  eden space 43008K, 100% used [0x00000000eab00000,0x00000000ed500000,0x00000000ed500000)
  from space 5120K, 99% used [0x00000000ed500000,0x00000000ed9fd708,0x00000000eda00000)
  to   space 15872K, 0% used [0x00000000ef000000,0x00000000ef000000,0x00000000eff80000)
 ParOldGen       total 62464K, used 16810K [0x00000000c0000000, 0x00000000c3d00000, 0x00000000eab00000)
  object space 62464K, 26% used [0x00000000c0000000,0x00000000c106aab8,0x00000000c3d00000)
 Metaspace       used 5933K, capacity 7152K, committed 7296K, reserved 1060864K
  class space    used 553K, capacity 616K, committed 640K, reserved 1048576K
Event: 12.561 GC heap after
Heap after GC invocations=7 (full 1):
 PSYoungGen      total 68608K, used 12889K [0x00000000eab00000, 0x00000000f0400000, 0x0000000100000000)
  eden space 52736K, 0% used [0x00000000eab00000,0x00000000eab00000,0x00000000ede80000)
  from space 15872K, 81% used [0x00000000ef000000,0x00000000efc96530,0x00000000eff80000)
  to   space 17920K, 0% used [0x00000000ede80000,0x00000000ede80000,0x00000000ef000000)
 ParOldGen       total 62464K, used 16818K [0x00000000c0000000, 0x00000000c3d00000, 0x00000000eab00000)
  object space 62464K, 26% used [0x00000000c0000000,0x00000000c106cab8,0x00000000c3d00000)
 Metaspace       used 5933K, capacity 7152K, committed 7296K, reserved 1060864K
  class space    used 553K, capacity 616K, committed 640K, reserved 1048576K
}
Event: 13.755 GC heap before
{Heap before GC invocations=8 (full 1):
 PSYoungGen      total 68608K, used 65625K [0x00000000eab00000, 0x00000000f0400000, 0x0000000100000000)
  eden space 52736K, 100% used [0x00000000eab00000,0x00000000ede80000,0x00000000ede80000)
  from space 15872K, 81% used [0x00000000ef000000,0x00000000efc96530,0x00000000eff80000)
  to   space 17920K, 0% used [0x00000000ede80000,0x00000000ede80000,0x00000000ef000000)
 ParOldGen       total 62464K, used 16818K [0x00000000c0000000, 0x00000000c3d00000, 0x00000000eab00000)
  object space 62464K, 26% used [0x00000000c0000000,0x00000000c106cab8,0x00000000c3d00000)
 Metaspace       used 5939K, capacity 7152K, committed 7296K, reserved 1060864K
  class space    used 553K, capacity 616K, committed 640K, reserved 1048576K
Event: 13.851 GC heap after
Heap after GC invocations=8 (full 1):
 PSYoungGen      total 70656K, used 17910K [0x00000000eab00000, 0x00000000f1a80000, 0x0000000100000000)
  eden space 52736K, 0% used [0x00000000eab00000,0x00000000eab00000,0x00000000ede80000)
  from space 17920K, 99% used [0x00000000ede80000,0x00000000eeffd828,0x00000000ef000000)
  to   space 23040K, 0% used [0x00000000f0400000,0x00000000f0400000,0x00000000f1a80000)
 ParOldGen       total 62464K, used 20564K [0x00000000c0000000, 0x00000000c3d00000, 0x00000000eab00000)
  object space 62464K, 32% used [0x00000000c0000000,0x00000000c14150e0,0x00000000c3d00000)
 Metaspace       used 5939K, capacity 7152K, committed 7296K, reserved 1060864K
  class space    used 553K, capacity 616K, committed 640K, reserved 1048576K
}
Event: 15.210 GC heap before
{Heap before GC invocations=9 (full 1):
 PSYoungGen      total 70656K, used 70646K [0x00000000eab00000, 0x00000000f1a80000, 0x0000000100000000)
  eden space 52736K, 100% used [0x00000000eab00000,0x00000000ede80000,0x00000000ede80000)
  from space 17920K, 99% used [0x00000000ede80000,0x00000000eeffd828,0x00000000ef000000)
  to   space 23040K, 0% used [0x00000000f0400000,0x00000000f0400000,0x00000000f1a80000)
 ParOldGen       total 62464K, used 20564K [0x00000000c0000000, 0x00000000c3d00000, 0x00000000eab00000)
  object space 62464K, 32% used [0x00000000c0000000,0x00000000c14150e0,0x00000000c3d00000)
 Metaspace       used 6205K, capacity 7344K, committed 7552K, reserved 1060864K
  class space    used 570K, capacity 616K, committed 640K, reserved 1048576K
Event: 15.267 GC heap after
Heap after GC invocations=9 (full 1):
 PSYoungGen      total 87040K, used 22776K [0x00000000eab00000, 0x00000000f2180000, 0x0000000100000000)
  eden space 64000K, 0% used [0x00000000eab00000,0x00000000eab00000,0x00000000ee980000)
  from space 23040K, 98% used [0x00000000f0400000,0x00000000f1a3e3e0,0x00000000f1a80000)
  to   space 27136K, 0% used [0x00000000ee980000,0x00000000ee980000,0x00000000f0400000)
 ParOldGen       total 62464K, used 21898K [0x00000000c0000000, 0x00000000c3d00000, 0x00000000eab00000)
  object space 62464K, 35% used [0x00000000c0000000,0x00000000c1562b40,0x00000000c3d00000)
 Metaspace       used 6205K, capacity 7344K, committed 7552K, reserved 1060864K
  class space    used 570K, capacity 616K, committed 640K, reserved 1048576K
}

